2023-02-06 18:10:49.588  INFO 19136 --- [main] c.e.a.AuctionPlatformApplication         : Starting AuctionPlatformApplication using Java 17 on LAPTOP-ET530VDU with PID 19136 (C:\Users\Абзал\Desktop\java_spring\auction_platform\target\classes started by Абзал in C:\Users\Абзал\Desktop\java_spring\auction_platform)
2023-02-06 18:10:49.604  INFO 19136 --- [main] c.e.a.AuctionPlatformApplication         : No active profile set, falling back to default profiles: default
2023-02-06 18:10:49.990  INFO 19136 --- [main] .s.d.r.c.RepositoryConfigurationDelegate : Bootstrapping Spring Data MongoDB repositories in DEFAULT mode.
2023-02-06 18:10:50.022  INFO 19136 --- [main] .s.d.r.c.RepositoryConfigurationDelegate : Finished Spring Data repository scanning in 23 ms. Found 2 MongoDB repository interfaces.
2023-02-06 18:10:50.240  INFO 19136 --- [main] o.s.b.w.embedded.tomcat.TomcatWebServer  : Tomcat initialized with port(s): 8080 (http)
2023-02-06 18:10:50.256  INFO 19136 --- [main] o.apache.catalina.core.StandardService   : Starting service [Tomcat]
2023-02-06 18:10:50.256  INFO 19136 --- [main] org.apache.catalina.core.StandardEngine  : Starting Servlet engine: [Apache Tomcat/9.0.56]
2023-02-06 18:10:50.287  INFO 19136 --- [main] o.a.c.c.C.[Tomcat].[localhost].[/]       : Initializing Spring embedded WebApplicationContext
2023-02-06 18:10:50.287  INFO 19136 --- [main] w.s.c.ServletWebServerApplicationContext : Root WebApplicationContext: initialization completed in 660 ms
2023-02-06 18:10:50.428  INFO 19136 --- [main] org.mongodb.driver.cluster               : Cluster created with settings {hosts=[127.0.0.1:27017], srvHost=cluster0.el3rswm.mongodb.net, mode=MULTIPLE, requiredClusterType=REPLICA_SET, serverSelectionTimeout='30000 ms', requiredReplicaSetName='atlas-ztzjuw-shard-0'}
2023-02-06 18:10:50.740  INFO 19136 --- [main] pertySourcedRequestMappingHandlerMapping : Mapped URL path [/v2/api-docs] onto method [springfox.documentation.swagger2.web.Swagger2Controller#getDocumentation(String, HttpServletRequest)]
2023-02-06 18:10:50.756  INFO 19136 --- [cluster-ClusterId{value='63e0ee4a91815279b5b54538', description='null'}-srv-cluster0.el3rswm.mongodb.net] org.mongodb.driver.cluster               : Adding discovered server ac-egf4qlr-shard-00-00.el3rswm.mongodb.net:27017 to client view of cluster
2023-02-06 18:10:50.776  INFO 19136 --- [cluster-ClusterId{value='63e0ee4a91815279b5b54538', description='null'}-srv-cluster0.el3rswm.mongodb.net] org.mongodb.driver.cluster               : Adding discovered server ac-egf4qlr-shard-00-01.el3rswm.mongodb.net:27017 to client view of cluster
2023-02-06 18:10:50.776  INFO 19136 --- [cluster-ClusterId{value='63e0ee4a91815279b5b54538', description='null'}-srv-cluster0.el3rswm.mongodb.net] org.mongodb.driver.cluster               : Adding discovered server ac-egf4qlr-shard-00-02.el3rswm.mongodb.net:27017 to client view of cluster
2023-02-06 18:10:50.880  INFO 19136 --- [main] o.s.b.w.embedded.tomcat.TomcatWebServer  : Tomcat started on port(s): 8080 (http) with context path ''
2023-02-06 18:10:50.881  INFO 19136 --- [main] d.s.w.p.DocumentationPluginsBootstrapper : Context refreshed
2023-02-06 18:10:50.889  INFO 19136 --- [main] d.s.w.p.DocumentationPluginsBootstrapper : Found 1 custom documentation plugin(s)
2023-02-06 18:10:50.900  INFO 19136 --- [main] s.d.s.w.s.ApiListingReferenceScanner     : Scanning for api listing references
2023-02-06 18:10:50.978  INFO 19136 --- [main] c.e.a.AuctionPlatformApplication         : Started AuctionPlatformApplication in 1.584 seconds (JVM running for 1.929)
2023-02-06 18:10:51.722  INFO 19136 --- [cluster-rtt-ClusterId{value='63e0ee4a91815279b5b54538', description='null'}-ac-egf4qlr-shard-00-01.el3rswm.mongodb.net:27017] org.mongodb.driver.connection            : Opened connection [connectionId{localValue:4, serverValue:200026}] to ac-egf4qlr-shard-00-01.el3rswm.mongodb.net:27017
2023-02-06 18:10:51.738  INFO 19136 --- [cluster-rtt-ClusterId{value='63e0ee4a91815279b5b54538', description='null'}-ac-egf4qlr-shard-00-02.el3rswm.mongodb.net:27017] org.mongodb.driver.connection            : Opened connection [connectionId{localValue:5, serverValue:208571}] to ac-egf4qlr-shard-00-02.el3rswm.mongodb.net:27017
2023-02-06 18:10:51.738  INFO 19136 --- [cluster-ClusterId{value='63e0ee4a91815279b5b54538', description='null'}-ac-egf4qlr-shard-00-01.el3rswm.mongodb.net:27017] org.mongodb.driver.connection            : Opened connection [connectionId{localValue:3, serverValue:200026}] to ac-egf4qlr-shard-00-01.el3rswm.mongodb.net:27017
2023-02-06 18:10:51.752  INFO 19136 --- [cluster-ClusterId{value='63e0ee4a91815279b5b54538', description='null'}-ac-egf4qlr-shard-00-00.el3rswm.mongodb.net:27017] org.mongodb.driver.connection            : Opened connection [connectionId{localValue:1, serverValue:204073}] to ac-egf4qlr-shard-00-00.el3rswm.mongodb.net:27017
2023-02-06 18:10:51.738  INFO 19136 --- [cluster-ClusterId{value='63e0ee4a91815279b5b54538', description='null'}-ac-egf4qlr-shard-00-02.el3rswm.mongodb.net:27017] org.mongodb.driver.connection            : Opened connection [connectionId{localValue:2, serverValue:208571}] to ac-egf4qlr-shard-00-02.el3rswm.mongodb.net:27017
2023-02-06 18:10:51.752  INFO 19136 --- [cluster-ClusterId{value='63e0ee4a91815279b5b54538', description='null'}-ac-egf4qlr-shard-00-01.el3rswm.mongodb.net:27017] org.mongodb.driver.cluster               : Monitor thread successfully connected to server with description ServerDescription{address=ac-egf4qlr-shard-00-01.el3rswm.mongodb.net:27017, type=REPLICA_SET_SECONDARY, state=CONNECTED, ok=true, minWireVersion=0, maxWireVersion=13, maxDocumentSize=16777216, logicalSessionTimeoutMinutes=30, roundTripTimeNanos=600284100, setName='atlas-ztzjuw-shard-0', canonicalAddress=ac-egf4qlr-shard-00-01.el3rswm.mongodb.net:27017, hosts=[ac-egf4qlr-shard-00-00.el3rswm.mongodb.net:27017, ac-egf4qlr-shard-00-01.el3rswm.mongodb.net:27017, ac-egf4qlr-shard-00-02.el3rswm.mongodb.net:27017], passives=[], arbiters=[], primary='ac-egf4qlr-shard-00-02.el3rswm.mongodb.net:27017', tagSet=TagSet{[Tag{name='nodeType', value='ELECTABLE'}, Tag{name='provider', value='AWS'}, Tag{name='region', value='ME_SOUTH_1'}, Tag{name='workloadType', value='OPERATIONAL'}]}, electionId=null, setVersion=2, topologyVersion=TopologyVersion{processId=63d2d15d4bf406a76ae963fc, counter=3}, lastWriteDate=Mon Feb 06 18:10:51 ALMT 2023, lastUpdateTimeNanos=215206500100600}
2023-02-06 18:10:51.752  INFO 19136 --- [cluster-rtt-ClusterId{value='63e0ee4a91815279b5b54538', description='null'}-ac-egf4qlr-shard-00-00.el3rswm.mongodb.net:27017] org.mongodb.driver.connection            : Opened connection [connectionId{localValue:6, serverValue:204073}] to ac-egf4qlr-shard-00-00.el3rswm.mongodb.net:27017
2023-02-06 18:10:51.752  INFO 19136 --- [cluster-ClusterId{value='63e0ee4a91815279b5b54538', description='null'}-ac-egf4qlr-shard-00-02.el3rswm.mongodb.net:27017] org.mongodb.driver.cluster               : Monitor thread successfully connected to server with description ServerDescription{address=ac-egf4qlr-shard-00-02.el3rswm.mongodb.net:27017, type=REPLICA_SET_PRIMARY, state=CONNECTED, ok=true, minWireVersion=0, maxWireVersion=13, maxDocumentSize=16777216, logicalSessionTimeoutMinutes=30, roundTripTimeNanos=600459200, setName='atlas-ztzjuw-shard-0', canonicalAddress=ac-egf4qlr-shard-00-02.el3rswm.mongodb.net:27017, hosts=[ac-egf4qlr-shard-00-00.el3rswm.mongodb.net:27017, ac-egf4qlr-shard-00-01.el3rswm.mongodb.net:27017, ac-egf4qlr-shard-00-02.el3rswm.mongodb.net:27017], passives=[], arbiters=[], primary='ac-egf4qlr-shard-00-02.el3rswm.mongodb.net:27017', tagSet=TagSet{[Tag{name='nodeType', value='ELECTABLE'}, Tag{name='provider', value='AWS'}, Tag{name='region', value='ME_SOUTH_1'}, Tag{name='workloadType', value='OPERATIONAL'}]}, electionId=7fffffff000000000000001e, setVersion=2, topologyVersion=TopologyVersion{processId=63d2d0313d5bf5dea22e92f5, counter=6}, lastWriteDate=Mon Feb 06 18:10:51 ALMT 2023, lastUpdateTimeNanos=215206500251100}
2023-02-06 18:10:51.752  INFO 19136 --- [cluster-ClusterId{value='63e0ee4a91815279b5b54538', description='null'}-ac-egf4qlr-shard-00-00.el3rswm.mongodb.net:27017] org.mongodb.driver.cluster               : Monitor thread successfully connected to server with description ServerDescription{address=ac-egf4qlr-shard-00-00.el3rswm.mongodb.net:27017, type=REPLICA_SET_SECONDARY, state=CONNECTED, ok=true, minWireVersion=0, maxWireVersion=13, maxDocumentSize=16777216, logicalSessionTimeoutMinutes=30, roundTripTimeNanos=600809900, setName='atlas-ztzjuw-shard-0', canonicalAddress=ac-egf4qlr-shard-00-00.el3rswm.mongodb.net:27017, hosts=[ac-egf4qlr-shard-00-00.el3rswm.mongodb.net:27017, ac-egf4qlr-shard-00-01.el3rswm.mongodb.net:27017, ac-egf4qlr-shard-00-02.el3rswm.mongodb.net:27017], passives=[], arbiters=[], primary='ac-egf4qlr-shard-00-02.el3rswm.mongodb.net:27017', tagSet=TagSet{[Tag{name='nodeType', value='ELECTABLE'}, Tag{name='provider', value='AWS'}, Tag{name='region', value='ME_SOUTH_1'}, Tag{name='workloadType', value='OPERATIONAL'}]}, electionId=null, setVersion=2, topologyVersion=TopologyVersion{processId=63d2cef0f175a32d012090df, counter=4}, lastWriteDate=Mon Feb 06 18:10:51 ALMT 2023, lastUpdateTimeNanos=215206500604100}
2023-02-06 18:10:51.753  INFO 19136 --- [cluster-ClusterId{value='63e0ee4a91815279b5b54538', description='null'}-ac-egf4qlr-shard-00-02.el3rswm.mongodb.net:27017] org.mongodb.driver.cluster               : Setting max election id to 7fffffff000000000000001e from replica set primary ac-egf4qlr-shard-00-02.el3rswm.mongodb.net:27017
2023-02-06 18:10:51.753  INFO 19136 --- [cluster-ClusterId{value='63e0ee4a91815279b5b54538', description='null'}-ac-egf4qlr-shard-00-02.el3rswm.mongodb.net:27017] org.mongodb.driver.cluster               : Setting max set version to 2 from replica set primary ac-egf4qlr-shard-00-02.el3rswm.mongodb.net:27017
2023-02-06 18:10:51.753  INFO 19136 --- [cluster-ClusterId{value='63e0ee4a91815279b5b54538', description='null'}-ac-egf4qlr-shard-00-02.el3rswm.mongodb.net:27017] org.mongodb.driver.cluster               : Discovered replica set primary ac-egf4qlr-shard-00-02.el3rswm.mongodb.net:27017
2023-02-06 18:16:28.260  INFO 19136 --- [cluster-ClusterId{value='63e0ee4a91815279b5b54538', description='null'}-ac-egf4qlr-shard-00-02.el3rswm.mongodb.net:27017] org.mongodb.driver.cluster               : Exception in monitor thread while connecting to server ac-egf4qlr-shard-00-02.el3rswm.mongodb.net:27017

com.mongodb.MongoSocketReadTimeoutException: Timeout while receiving message
	at com.mongodb.internal.connection.InternalStreamConnection.translateReadException(InternalStreamConnection.java:630) ~[mongodb-driver-core-4.2.3.jar:na]
	at com.mongodb.internal.connection.InternalStreamConnection.receiveMessageWithAdditionalTimeout(InternalStreamConnection.java:515) ~[mongodb-driver-core-4.2.3.jar:na]
	at com.mongodb.internal.connection.InternalStreamConnection.receiveCommandMessageResponse(InternalStreamConnection.java:355) ~[mongodb-driver-core-4.2.3.jar:na]
	at com.mongodb.internal.connection.InternalStreamConnection.receive(InternalStreamConnection.java:315) ~[mongodb-driver-core-4.2.3.jar:na]
	at com.mongodb.internal.connection.DefaultServerMonitor$ServerMonitorRunnable.lookupServerDescription(DefaultServerMonitor.java:215) ~[mongodb-driver-core-4.2.3.jar:na]
	at com.mongodb.internal.connection.DefaultServerMonitor$ServerMonitorRunnable.run(DefaultServerMonitor.java:144) ~[mongodb-driver-core-4.2.3.jar:na]
	at java.base/java.lang.Thread.run(Thread.java:833) ~[na:na]
Caused by: java.net.SocketTimeoutException: Read timed out
	at java.base/sun.nio.ch.NioSocketImpl.timedRead(NioSocketImpl.java:283) ~[na:na]
	at java.base/sun.nio.ch.NioSocketImpl.implRead(NioSocketImpl.java:309) ~[na:na]
	at java.base/sun.nio.ch.NioSocketImpl.read(NioSocketImpl.java:350) ~[na:na]
	at java.base/sun.nio.ch.NioSocketImpl$1.read(NioSocketImpl.java:803) ~[na:na]
	at java.base/java.net.Socket$SocketInputStream.read(Socket.java:966) ~[na:na]
	at java.base/sun.security.ssl.SSLSocketInputRecord.read(SSLSocketInputRecord.java:478) ~[na:na]
	at java.base/sun.security.ssl.SSLSocketInputRecord.readHeader(SSLSocketInputRecord.java:472) ~[na:na]
	at java.base/sun.security.ssl.SSLSocketInputRecord.bytesInCompletePacket(SSLSocketInputRecord.java:70) ~[na:na]
	at java.base/sun.security.ssl.SSLSocketImpl.readApplicationRecord(SSLSocketImpl.java:1455) ~[na:na]
	at java.base/sun.security.ssl.SSLSocketImpl$AppInputStream.read(SSLSocketImpl.java:1059) ~[na:na]
	at com.mongodb.internal.connection.SocketStream.read(SocketStream.java:109) ~[mongodb-driver-core-4.2.3.jar:na]
	at com.mongodb.internal.connection.SocketStream.read(SocketStream.java:131) ~[mongodb-driver-core-4.2.3.jar:na]
	at com.mongodb.internal.connection.InternalStreamConnection.receiveResponseBuffers(InternalStreamConnection.java:647) ~[mongodb-driver-core-4.2.3.jar:na]
	at com.mongodb.internal.connection.InternalStreamConnection.receiveMessageWithAdditionalTimeout(InternalStreamConnection.java:512) ~[mongodb-driver-core-4.2.3.jar:na]
	... 5 common frames omitted

2023-02-06 18:16:28.629  INFO 19136 --- [cluster-ClusterId{value='63e0ee4a91815279b5b54538', description='null'}-ac-egf4qlr-shard-00-01.el3rswm.mongodb.net:27017] org.mongodb.driver.cluster               : Exception in monitor thread while connecting to server ac-egf4qlr-shard-00-01.el3rswm.mongodb.net:27017

com.mongodb.MongoSocketReadTimeoutException: Timeout while receiving message
	at com.mongodb.internal.connection.InternalStreamConnection.translateReadException(InternalStreamConnection.java:630) ~[mongodb-driver-core-4.2.3.jar:na]
	at com.mongodb.internal.connection.InternalStreamConnection.receiveMessageWithAdditionalTimeout(InternalStreamConnection.java:515) ~[mongodb-driver-core-4.2.3.jar:na]
	at com.mongodb.internal.connection.InternalStreamConnection.receiveCommandMessageResponse(InternalStreamConnection.java:355) ~[mongodb-driver-core-4.2.3.jar:na]
	at com.mongodb.internal.connection.InternalStreamConnection.receive(InternalStreamConnection.java:315) ~[mongodb-driver-core-4.2.3.jar:na]
	at com.mongodb.internal.connection.DefaultServerMonitor$ServerMonitorRunnable.lookupServerDescription(DefaultServerMonitor.java:215) ~[mongodb-driver-core-4.2.3.jar:na]
	at com.mongodb.internal.connection.DefaultServerMonitor$ServerMonitorRunnable.run(DefaultServerMonitor.java:144) ~[mongodb-driver-core-4.2.3.jar:na]
	at java.base/java.lang.Thread.run(Thread.java:833) ~[na:na]
Caused by: java.net.SocketTimeoutException: Read timed out
	at java.base/sun.nio.ch.NioSocketImpl.timedRead(NioSocketImpl.java:283) ~[na:na]
	at java.base/sun.nio.ch.NioSocketImpl.implRead(NioSocketImpl.java:309) ~[na:na]
	at java.base/sun.nio.ch.NioSocketImpl.read(NioSocketImpl.java:350) ~[na:na]
	at java.base/sun.nio.ch.NioSocketImpl$1.read(NioSocketImpl.java:803) ~[na:na]
	at java.base/java.net.Socket$SocketInputStream.read(Socket.java:966) ~[na:na]
	at java.base/sun.security.ssl.SSLSocketInputRecord.read(SSLSocketInputRecord.java:478) ~[na:na]
	at java.base/sun.security.ssl.SSLSocketInputRecord.readHeader(SSLSocketInputRecord.java:472) ~[na:na]
	at java.base/sun.security.ssl.SSLSocketInputRecord.bytesInCompletePacket(SSLSocketInputRecord.java:70) ~[na:na]
	at java.base/sun.security.ssl.SSLSocketImpl.readApplicationRecord(SSLSocketImpl.java:1455) ~[na:na]
	at java.base/sun.security.ssl.SSLSocketImpl$AppInputStream.read(SSLSocketImpl.java:1059) ~[na:na]
	at com.mongodb.internal.connection.SocketStream.read(SocketStream.java:109) ~[mongodb-driver-core-4.2.3.jar:na]
	at com.mongodb.internal.connection.SocketStream.read(SocketStream.java:131) ~[mongodb-driver-core-4.2.3.jar:na]
	at com.mongodb.internal.connection.InternalStreamConnection.receiveResponseBuffers(InternalStreamConnection.java:647) ~[mongodb-driver-core-4.2.3.jar:na]
	at com.mongodb.internal.connection.InternalStreamConnection.receiveMessageWithAdditionalTimeout(InternalStreamConnection.java:512) ~[mongodb-driver-core-4.2.3.jar:na]
	... 5 common frames omitted

2023-02-06 18:16:28.827  INFO 19136 --- [cluster-ClusterId{value='63e0ee4a91815279b5b54538', description='null'}-ac-egf4qlr-shard-00-00.el3rswm.mongodb.net:27017] org.mongodb.driver.cluster               : Exception in monitor thread while connecting to server ac-egf4qlr-shard-00-00.el3rswm.mongodb.net:27017

com.mongodb.MongoSocketReadTimeoutException: Timeout while receiving message
	at com.mongodb.internal.connection.InternalStreamConnection.translateReadException(InternalStreamConnection.java:630) ~[mongodb-driver-core-4.2.3.jar:na]
	at com.mongodb.internal.connection.InternalStreamConnection.receiveMessageWithAdditionalTimeout(InternalStreamConnection.java:515) ~[mongodb-driver-core-4.2.3.jar:na]
	at com.mongodb.internal.connection.InternalStreamConnection.receiveCommandMessageResponse(InternalStreamConnection.java:355) ~[mongodb-driver-core-4.2.3.jar:na]
	at com.mongodb.internal.connection.InternalStreamConnection.receive(InternalStreamConnection.java:315) ~[mongodb-driver-core-4.2.3.jar:na]
	at com.mongodb.internal.connection.DefaultServerMonitor$ServerMonitorRunnable.lookupServerDescription(DefaultServerMonitor.java:215) ~[mongodb-driver-core-4.2.3.jar:na]
	at com.mongodb.internal.connection.DefaultServerMonitor$ServerMonitorRunnable.run(DefaultServerMonitor.java:144) ~[mongodb-driver-core-4.2.3.jar:na]
	at java.base/java.lang.Thread.run(Thread.java:833) ~[na:na]
Caused by: java.net.SocketTimeoutException: Read timed out
	at java.base/sun.nio.ch.NioSocketImpl.timedRead(NioSocketImpl.java:283) ~[na:na]
	at java.base/sun.nio.ch.NioSocketImpl.implRead(NioSocketImpl.java:309) ~[na:na]
	at java.base/sun.nio.ch.NioSocketImpl.read(NioSocketImpl.java:350) ~[na:na]
	at java.base/sun.nio.ch.NioSocketImpl$1.read(NioSocketImpl.java:803) ~[na:na]
	at java.base/java.net.Socket$SocketInputStream.read(Socket.java:966) ~[na:na]
	at java.base/sun.security.ssl.SSLSocketInputRecord.read(SSLSocketInputRecord.java:478) ~[na:na]
	at java.base/sun.security.ssl.SSLSocketInputRecord.readHeader(SSLSocketInputRecord.java:472) ~[na:na]
	at java.base/sun.security.ssl.SSLSocketInputRecord.bytesInCompletePacket(SSLSocketInputRecord.java:70) ~[na:na]
	at java.base/sun.security.ssl.SSLSocketImpl.readApplicationRecord(SSLSocketImpl.java:1455) ~[na:na]
	at java.base/sun.security.ssl.SSLSocketImpl$AppInputStream.read(SSLSocketImpl.java:1059) ~[na:na]
	at com.mongodb.internal.connection.SocketStream.read(SocketStream.java:109) ~[mongodb-driver-core-4.2.3.jar:na]
	at com.mongodb.internal.connection.SocketStream.read(SocketStream.java:131) ~[mongodb-driver-core-4.2.3.jar:na]
	at com.mongodb.internal.connection.InternalStreamConnection.receiveResponseBuffers(InternalStreamConnection.java:647) ~[mongodb-driver-core-4.2.3.jar:na]
	at com.mongodb.internal.connection.InternalStreamConnection.receiveMessageWithAdditionalTimeout(InternalStreamConnection.java:512) ~[mongodb-driver-core-4.2.3.jar:na]
	... 5 common frames omitted

2023-02-06 18:16:29.258  INFO 19136 --- [cluster-ClusterId{value='63e0ee4a91815279b5b54538', description='null'}-ac-egf4qlr-shard-00-02.el3rswm.mongodb.net:27017] org.mongodb.driver.connection            : Opened connection [connectionId{localValue:7, serverValue:208719}] to ac-egf4qlr-shard-00-02.el3rswm.mongodb.net:27017
2023-02-06 18:16:29.258  INFO 19136 --- [cluster-ClusterId{value='63e0ee4a91815279b5b54538', description='null'}-ac-egf4qlr-shard-00-02.el3rswm.mongodb.net:27017] org.mongodb.driver.cluster               : Monitor thread successfully connected to server with description ServerDescription{address=ac-egf4qlr-shard-00-02.el3rswm.mongodb.net:27017, type=REPLICA_SET_PRIMARY, state=CONNECTED, ok=true, minWireVersion=0, maxWireVersion=13, maxDocumentSize=16777216, logicalSessionTimeoutMinutes=30, roundTripTimeNanos=479263700, setName='atlas-ztzjuw-shard-0', canonicalAddress=ac-egf4qlr-shard-00-02.el3rswm.mongodb.net:27017, hosts=[ac-egf4qlr-shard-00-00.el3rswm.mongodb.net:27017, ac-egf4qlr-shard-00-01.el3rswm.mongodb.net:27017, ac-egf4qlr-shard-00-02.el3rswm.mongodb.net:27017], passives=[], arbiters=[], primary='ac-egf4qlr-shard-00-02.el3rswm.mongodb.net:27017', tagSet=TagSet{[Tag{name='nodeType', value='ELECTABLE'}, Tag{name='provider', value='AWS'}, Tag{name='region', value='ME_SOUTH_1'}, Tag{name='workloadType', value='OPERATIONAL'}]}, electionId=7fffffff000000000000001e, setVersion=2, topologyVersion=TopologyVersion{processId=63d2d0313d5bf5dea22e92f5, counter=6}, lastWriteDate=Mon Feb 06 18:16:29 ALMT 2023, lastUpdateTimeNanos=215544007385800}
2023-02-06 18:16:29.259  INFO 19136 --- [cluster-ClusterId{value='63e0ee4a91815279b5b54538', description='null'}-ac-egf4qlr-shard-00-02.el3rswm.mongodb.net:27017] org.mongodb.driver.cluster               : Discovered replica set primary ac-egf4qlr-shard-00-02.el3rswm.mongodb.net:27017
2023-02-06 18:16:29.510  INFO 19136 --- [cluster-ClusterId{value='63e0ee4a91815279b5b54538', description='null'}-ac-egf4qlr-shard-00-01.el3rswm.mongodb.net:27017] org.mongodb.driver.connection            : Opened connection [connectionId{localValue:8, serverValue:200114}] to ac-egf4qlr-shard-00-01.el3rswm.mongodb.net:27017
2023-02-06 18:16:29.510  INFO 19136 --- [cluster-ClusterId{value='63e0ee4a91815279b5b54538', description='null'}-ac-egf4qlr-shard-00-01.el3rswm.mongodb.net:27017] org.mongodb.driver.cluster               : Monitor thread successfully connected to server with description ServerDescription{address=ac-egf4qlr-shard-00-01.el3rswm.mongodb.net:27017, type=REPLICA_SET_SECONDARY, state=CONNECTED, ok=true, minWireVersion=0, maxWireVersion=13, maxDocumentSize=16777216, logicalSessionTimeoutMinutes=30, roundTripTimeNanos=490408900, setName='atlas-ztzjuw-shard-0', canonicalAddress=ac-egf4qlr-shard-00-01.el3rswm.mongodb.net:27017, hosts=[ac-egf4qlr-shard-00-00.el3rswm.mongodb.net:27017, ac-egf4qlr-shard-00-01.el3rswm.mongodb.net:27017, ac-egf4qlr-shard-00-02.el3rswm.mongodb.net:27017], passives=[], arbiters=[], primary='ac-egf4qlr-shard-00-02.el3rswm.mongodb.net:27017', tagSet=TagSet{[Tag{name='nodeType', value='ELECTABLE'}, Tag{name='provider', value='AWS'}, Tag{name='region', value='ME_SOUTH_1'}, Tag{name='workloadType', value='OPERATIONAL'}]}, electionId=null, setVersion=2, topologyVersion=TopologyVersion{processId=63d2d15d4bf406a76ae963fc, counter=3}, lastWriteDate=Mon Feb 06 18:16:29 ALMT 2023, lastUpdateTimeNanos=215544262124900}
2023-02-06 18:16:29.659  INFO 19136 --- [cluster-ClusterId{value='63e0ee4a91815279b5b54538', description='null'}-ac-egf4qlr-shard-00-00.el3rswm.mongodb.net:27017] org.mongodb.driver.connection            : Opened connection [connectionId{localValue:9, serverValue:204155}] to ac-egf4qlr-shard-00-00.el3rswm.mongodb.net:27017
2023-02-06 18:16:29.659  INFO 19136 --- [cluster-ClusterId{value='63e0ee4a91815279b5b54538', description='null'}-ac-egf4qlr-shard-00-00.el3rswm.mongodb.net:27017] org.mongodb.driver.cluster               : Monitor thread successfully connected to server with description ServerDescription{address=ac-egf4qlr-shard-00-00.el3rswm.mongodb.net:27017, type=REPLICA_SET_SECONDARY, state=CONNECTED, ok=true, minWireVersion=0, maxWireVersion=13, maxDocumentSize=16777216, logicalSessionTimeoutMinutes=30, roundTripTimeNanos=488605200, setName='atlas-ztzjuw-shard-0', canonicalAddress=ac-egf4qlr-shard-00-00.el3rswm.mongodb.net:27017, hosts=[ac-egf4qlr-shard-00-00.el3rswm.mongodb.net:27017, ac-egf4qlr-shard-00-01.el3rswm.mongodb.net:27017, ac-egf4qlr-shard-00-02.el3rswm.mongodb.net:27017], passives=[], arbiters=[], primary='ac-egf4qlr-shard-00-02.el3rswm.mongodb.net:27017', tagSet=TagSet{[Tag{name='nodeType', value='ELECTABLE'}, Tag{name='provider', value='AWS'}, Tag{name='region', value='ME_SOUTH_1'}, Tag{name='workloadType', value='OPERATIONAL'}]}, electionId=null, setVersion=2, topologyVersion=TopologyVersion{processId=63d2cef0f175a32d012090df, counter=4}, lastWriteDate=Mon Feb 06 18:16:29 ALMT 2023, lastUpdateTimeNanos=215544408787100}
2023-02-06 18:21:36.354  INFO 7172 --- [main] c.e.a.AuctionPlatformApplication         : Starting AuctionPlatformApplication using Java 17 on LAPTOP-ET530VDU with PID 7172 (C:\Users\Абзал\Desktop\java_spring\auction_platform\target\classes started by Абзал in C:\Users\Абзал\Desktop\java_spring\auction_platform)
2023-02-06 18:21:36.354  INFO 7172 --- [main] c.e.a.AuctionPlatformApplication         : No active profile set, falling back to default profiles: default
2023-02-06 18:21:36.770  INFO 7172 --- [main] .s.d.r.c.RepositoryConfigurationDelegate : Bootstrapping Spring Data MongoDB repositories in DEFAULT mode.
2023-02-06 18:21:36.801  INFO 7172 --- [main] .s.d.r.c.RepositoryConfigurationDelegate : Finished Spring Data repository scanning in 24 ms. Found 2 MongoDB repository interfaces.
2023-02-06 18:21:37.051  INFO 7172 --- [main] o.s.b.w.embedded.tomcat.TomcatWebServer  : Tomcat initialized with port(s): 8080 (http)
2023-02-06 18:21:37.051  INFO 7172 --- [main] o.apache.catalina.core.StandardService   : Starting service [Tomcat]
2023-02-06 18:21:37.051  INFO 7172 --- [main] org.apache.catalina.core.StandardEngine  : Starting Servlet engine: [Apache Tomcat/9.0.56]
2023-02-06 18:21:37.098  INFO 7172 --- [main] o.a.c.c.C.[Tomcat].[localhost].[/]       : Initializing Spring embedded WebApplicationContext
2023-02-06 18:21:37.098  INFO 7172 --- [main] w.s.c.ServletWebServerApplicationContext : Root WebApplicationContext: initialization completed in 711 ms
2023-02-06 18:21:37.348  INFO 7172 --- [main] org.mongodb.driver.cluster               : Cluster created with settings {hosts=[127.0.0.1:27017], srvHost=cluster0.el3rswm.mongodb.net, mode=MULTIPLE, requiredClusterType=REPLICA_SET, serverSelectionTimeout='30000 ms', requiredReplicaSetName='atlas-ztzjuw-shard-0'}
2023-02-06 18:21:37.509  INFO 7172 --- [cluster-ClusterId{value='63e0f0d17678d41f10233401', description='null'}-srv-cluster0.el3rswm.mongodb.net] org.mongodb.driver.cluster               : Adding discovered server ac-egf4qlr-shard-00-00.el3rswm.mongodb.net:27017 to client view of cluster
2023-02-06 18:21:37.524  INFO 7172 --- [cluster-ClusterId{value='63e0f0d17678d41f10233401', description='null'}-srv-cluster0.el3rswm.mongodb.net] org.mongodb.driver.cluster               : Adding discovered server ac-egf4qlr-shard-00-01.el3rswm.mongodb.net:27017 to client view of cluster
2023-02-06 18:21:37.533  INFO 7172 --- [cluster-ClusterId{value='63e0f0d17678d41f10233401', description='null'}-srv-cluster0.el3rswm.mongodb.net] org.mongodb.driver.cluster               : Adding discovered server ac-egf4qlr-shard-00-02.el3rswm.mongodb.net:27017 to client view of cluster
2023-02-06 18:21:37.714  INFO 7172 --- [main] pertySourcedRequestMappingHandlerMapping : Mapped URL path [/v2/api-docs] onto method [springfox.documentation.swagger2.web.Swagger2Controller#getDocumentation(String, HttpServletRequest)]
2023-02-06 18:21:37.820  INFO 7172 --- [main] o.s.b.w.embedded.tomcat.TomcatWebServer  : Tomcat started on port(s): 8080 (http) with context path ''
2023-02-06 18:21:37.820  INFO 7172 --- [main] d.s.w.p.DocumentationPluginsBootstrapper : Context refreshed
2023-02-06 18:21:37.836  INFO 7172 --- [main] d.s.w.p.DocumentationPluginsBootstrapper : Found 1 custom documentation plugin(s)
2023-02-06 18:21:37.851  INFO 7172 --- [main] s.d.s.w.s.ApiListingReferenceScanner     : Scanning for api listing references
2023-02-06 18:21:37.945  INFO 7172 --- [main] c.e.a.AuctionPlatformApplication         : Started AuctionPlatformApplication in 1.809 seconds (JVM running for 2.196)
2023-02-06 18:21:38.687  INFO 7172 --- [cluster-ClusterId{value='63e0f0d17678d41f10233401', description='null'}-ac-egf4qlr-shard-00-01.el3rswm.mongodb.net:27017] org.mongodb.driver.connection            : Opened connection [connectionId{localValue:3, serverValue:200183}] to ac-egf4qlr-shard-00-01.el3rswm.mongodb.net:27017
2023-02-06 18:21:38.687  INFO 7172 --- [cluster-ClusterId{value='63e0f0d17678d41f10233401', description='null'}-ac-egf4qlr-shard-00-02.el3rswm.mongodb.net:27017] org.mongodb.driver.connection            : Opened connection [connectionId{localValue:1, serverValue:208754}] to ac-egf4qlr-shard-00-02.el3rswm.mongodb.net:27017
2023-02-06 18:21:38.687  INFO 7172 --- [cluster-rtt-ClusterId{value='63e0f0d17678d41f10233401', description='null'}-ac-egf4qlr-shard-00-02.el3rswm.mongodb.net:27017] org.mongodb.driver.connection            : Opened connection [connectionId{localValue:6, serverValue:208711}] to ac-egf4qlr-shard-00-02.el3rswm.mongodb.net:27017
2023-02-06 18:21:38.688  INFO 7172 --- [cluster-ClusterId{value='63e0f0d17678d41f10233401', description='null'}-ac-egf4qlr-shard-00-02.el3rswm.mongodb.net:27017] org.mongodb.driver.cluster               : Monitor thread successfully connected to server with description ServerDescription{address=ac-egf4qlr-shard-00-02.el3rswm.mongodb.net:27017, type=REPLICA_SET_PRIMARY, state=CONNECTED, ok=true, minWireVersion=0, maxWireVersion=13, maxDocumentSize=16777216, logicalSessionTimeoutMinutes=30, roundTripTimeNanos=636511400, setName='atlas-ztzjuw-shard-0', canonicalAddress=ac-egf4qlr-shard-00-02.el3rswm.mongodb.net:27017, hosts=[ac-egf4qlr-shard-00-00.el3rswm.mongodb.net:27017, ac-egf4qlr-shard-00-01.el3rswm.mongodb.net:27017, ac-egf4qlr-shard-00-02.el3rswm.mongodb.net:27017], passives=[], arbiters=[], primary='ac-egf4qlr-shard-00-02.el3rswm.mongodb.net:27017', tagSet=TagSet{[Tag{name='nodeType', value='ELECTABLE'}, Tag{name='provider', value='AWS'}, Tag{name='region', value='ME_SOUTH_1'}, Tag{name='workloadType', value='OPERATIONAL'}]}, electionId=7fffffff000000000000001e, setVersion=2, topologyVersion=TopologyVersion{processId=63d2d0313d5bf5dea22e92f5, counter=6}, lastWriteDate=Mon Feb 06 18:21:38 ALMT 2023, lastUpdateTimeNanos=215853434422300}
2023-02-06 18:21:38.688  INFO 7172 --- [cluster-ClusterId{value='63e0f0d17678d41f10233401', description='null'}-ac-egf4qlr-shard-00-01.el3rswm.mongodb.net:27017] org.mongodb.driver.cluster               : Monitor thread successfully connected to server with description ServerDescription{address=ac-egf4qlr-shard-00-01.el3rswm.mongodb.net:27017, type=REPLICA_SET_SECONDARY, state=CONNECTED, ok=true, minWireVersion=0, maxWireVersion=13, maxDocumentSize=16777216, logicalSessionTimeoutMinutes=30, roundTripTimeNanos=636477500, setName='atlas-ztzjuw-shard-0', canonicalAddress=ac-egf4qlr-shard-00-01.el3rswm.mongodb.net:27017, hosts=[ac-egf4qlr-shard-00-00.el3rswm.mongodb.net:27017, ac-egf4qlr-shard-00-01.el3rswm.mongodb.net:27017, ac-egf4qlr-shard-00-02.el3rswm.mongodb.net:27017], passives=[], arbiters=[], primary='ac-egf4qlr-shard-00-02.el3rswm.mongodb.net:27017', tagSet=TagSet{[Tag{name='nodeType', value='ELECTABLE'}, Tag{name='provider', value='AWS'}, Tag{name='region', value='ME_SOUTH_1'}, Tag{name='workloadType', value='OPERATIONAL'}]}, electionId=null, setVersion=2, topologyVersion=TopologyVersion{processId=63d2d15d4bf406a76ae963fc, counter=3}, lastWriteDate=Mon Feb 06 18:21:38 ALMT 2023, lastUpdateTimeNanos=215853434426600}
2023-02-06 18:21:38.688  INFO 7172 --- [cluster-ClusterId{value='63e0f0d17678d41f10233401', description='null'}-ac-egf4qlr-shard-00-02.el3rswm.mongodb.net:27017] org.mongodb.driver.cluster               : Setting max election id to 7fffffff000000000000001e from replica set primary ac-egf4qlr-shard-00-02.el3rswm.mongodb.net:27017
2023-02-06 18:21:38.688  INFO 7172 --- [cluster-ClusterId{value='63e0f0d17678d41f10233401', description='null'}-ac-egf4qlr-shard-00-02.el3rswm.mongodb.net:27017] org.mongodb.driver.cluster               : Setting max set version to 2 from replica set primary ac-egf4qlr-shard-00-02.el3rswm.mongodb.net:27017
2023-02-06 18:21:38.688  INFO 7172 --- [cluster-ClusterId{value='63e0f0d17678d41f10233401', description='null'}-ac-egf4qlr-shard-00-02.el3rswm.mongodb.net:27017] org.mongodb.driver.cluster               : Discovered replica set primary ac-egf4qlr-shard-00-02.el3rswm.mongodb.net:27017
2023-02-06 18:21:38.690  INFO 7172 --- [cluster-ClusterId{value='63e0f0d17678d41f10233401', description='null'}-ac-egf4qlr-shard-00-00.el3rswm.mongodb.net:27017] org.mongodb.driver.connection            : Opened connection [connectionId{localValue:5, serverValue:204225}] to ac-egf4qlr-shard-00-00.el3rswm.mongodb.net:27017
2023-02-06 18:21:38.690  INFO 7172 --- [cluster-rtt-ClusterId{value='63e0f0d17678d41f10233401', description='null'}-ac-egf4qlr-shard-00-01.el3rswm.mongodb.net:27017] org.mongodb.driver.connection            : Opened connection [connectionId{localValue:2, serverValue:200179}] to ac-egf4qlr-shard-00-01.el3rswm.mongodb.net:27017
2023-02-06 18:21:38.690  INFO 7172 --- [cluster-rtt-ClusterId{value='63e0f0d17678d41f10233401', description='null'}-ac-egf4qlr-shard-00-00.el3rswm.mongodb.net:27017] org.mongodb.driver.connection            : Opened connection [connectionId{localValue:4, serverValue:204226}] to ac-egf4qlr-shard-00-00.el3rswm.mongodb.net:27017
2023-02-06 18:21:38.694  INFO 7172 --- [cluster-ClusterId{value='63e0f0d17678d41f10233401', description='null'}-ac-egf4qlr-shard-00-00.el3rswm.mongodb.net:27017] org.mongodb.driver.cluster               : Monitor thread successfully connected to server with description ServerDescription{address=ac-egf4qlr-shard-00-00.el3rswm.mongodb.net:27017, type=REPLICA_SET_SECONDARY, state=CONNECTED, ok=true, minWireVersion=0, maxWireVersion=13, maxDocumentSize=16777216, logicalSessionTimeoutMinutes=30, roundTripTimeNanos=600263900, setName='atlas-ztzjuw-shard-0', canonicalAddress=ac-egf4qlr-shard-00-00.el3rswm.mongodb.net:27017, hosts=[ac-egf4qlr-shard-00-00.el3rswm.mongodb.net:27017, ac-egf4qlr-shard-00-01.el3rswm.mongodb.net:27017, ac-egf4qlr-shard-00-02.el3rswm.mongodb.net:27017], passives=[], arbiters=[], primary='ac-egf4qlr-shard-00-02.el3rswm.mongodb.net:27017', tagSet=TagSet{[Tag{name='nodeType', value='ELECTABLE'}, Tag{name='provider', value='AWS'}, Tag{name='region', value='ME_SOUTH_1'}, Tag{name='workloadType', value='OPERATIONAL'}]}, electionId=null, setVersion=2, topologyVersion=TopologyVersion{processId=63d2cef0f175a32d012090df, counter=4}, lastWriteDate=Mon Feb 06 18:21:38 ALMT 2023, lastUpdateTimeNanos=215853442689600}
2023-02-06 18:21:46.384  INFO 7172 --- [http-nio-8080-exec-1] o.a.c.c.C.[Tomcat].[localhost].[/]       : Initializing Spring DispatcherServlet 'dispatcherServlet'
2023-02-06 18:21:46.385  INFO 7172 --- [http-nio-8080-exec-1] o.s.web.servlet.DispatcherServlet        : Initializing Servlet 'dispatcherServlet'
2023-02-06 18:21:46.385  INFO 7172 --- [http-nio-8080-exec-1] o.s.web.servlet.DispatcherServlet        : Completed initialization in 0 ms
2023-02-06 18:22:26.611  WARN 7172 --- [http-nio-8080-exec-10] .w.s.m.s.DefaultHandlerExceptionResolver : Resolved [org.springframework.http.converter.HttpMessageNotReadableException: Required request body is missing: public com.example.auction_platform.product.Product com.example.auction_platform.board.BoardController.addProduct(java.lang.String,java.lang.String,int)]
2023-02-06 18:23:22.099  WARN 7172 --- [http-nio-8080-exec-4] .w.s.m.s.DefaultHandlerExceptionResolver : Resolved [org.springframework.http.converter.HttpMessageNotReadableException: Required request body is missing: public com.example.auction_platform.product.Product com.example.auction_platform.board.BoardController.addProduct(java.lang.String,java.lang.String,int)]
2023-02-06 18:23:33.987  INFO 7172 --- [http-nio-8080-exec-1] c.e.a.board.BoardController              : Have got all products
2023-02-06 18:23:35.517  INFO 7172 --- [http-nio-8080-exec-1] org.mongodb.driver.connection            : Opened connection [connectionId{localValue:7, serverValue:208791}] to ac-egf4qlr-shard-00-02.el3rswm.mongodb.net:27017
2023-02-06 18:23:45.662  WARN 7172 --- [http-nio-8080-exec-3] .w.s.m.s.DefaultHandlerExceptionResolver : Resolved [org.springframework.http.converter.HttpMessageNotReadableException: Required request body is missing: public com.example.auction_platform.product.Product com.example.auction_platform.board.BoardController.addProduct(java.lang.String,java.lang.String,int)]
2023-02-06 18:27:30.220  INFO 7172 --- [SpringApplicationShutdownHook] org.mongodb.driver.connection            : Closed connection [connectionId{localValue:7, serverValue:208791}] to ac-egf4qlr-shard-00-02.el3rswm.mongodb.net:27017 because the pool has been closed.
2023-02-06 18:27:34.674  INFO 20372 --- [main] c.e.a.AuctionPlatformApplication         : Starting AuctionPlatformApplication using Java 17 on LAPTOP-ET530VDU with PID 20372 (C:\Users\Абзал\Desktop\java_spring\auction_platform\target\classes started by Абзал in C:\Users\Абзал\Desktop\java_spring\auction_platform)
2023-02-06 18:27:34.674  INFO 20372 --- [main] c.e.a.AuctionPlatformApplication         : No active profile set, falling back to default profiles: default
2023-02-06 18:27:35.064  INFO 20372 --- [main] .s.d.r.c.RepositoryConfigurationDelegate : Bootstrapping Spring Data MongoDB repositories in DEFAULT mode.
2023-02-06 18:27:35.096  INFO 20372 --- [main] .s.d.r.c.RepositoryConfigurationDelegate : Finished Spring Data repository scanning in 25 ms. Found 2 MongoDB repository interfaces.
2023-02-06 18:27:35.346  INFO 20372 --- [main] o.s.b.w.embedded.tomcat.TomcatWebServer  : Tomcat initialized with port(s): 8080 (http)
2023-02-06 18:27:35.346  INFO 20372 --- [main] o.apache.catalina.core.StandardService   : Starting service [Tomcat]
2023-02-06 18:27:35.346  INFO 20372 --- [main] org.apache.catalina.core.StandardEngine  : Starting Servlet engine: [Apache Tomcat/9.0.56]
2023-02-06 18:27:35.393  INFO 20372 --- [main] o.a.c.c.C.[Tomcat].[localhost].[/]       : Initializing Spring embedded WebApplicationContext
2023-02-06 18:27:35.393  INFO 20372 --- [main] w.s.c.ServletWebServerApplicationContext : Root WebApplicationContext: initialization completed in 693 ms
2023-02-06 18:27:35.596  INFO 20372 --- [main] org.mongodb.driver.cluster               : Cluster created with settings {hosts=[127.0.0.1:27017], srvHost=cluster0.el3rswm.mongodb.net, mode=MULTIPLE, requiredClusterType=REPLICA_SET, serverSelectionTimeout='30000 ms', requiredReplicaSetName='atlas-ztzjuw-shard-0'}
2023-02-06 18:27:35.705  INFO 20372 --- [cluster-ClusterId{value='63e0f2370e910a16fd76cf5a', description='null'}-srv-cluster0.el3rswm.mongodb.net] org.mongodb.driver.cluster               : Adding discovered server ac-egf4qlr-shard-00-00.el3rswm.mongodb.net:27017 to client view of cluster
2023-02-06 18:27:35.717  INFO 20372 --- [cluster-ClusterId{value='63e0f2370e910a16fd76cf5a', description='null'}-srv-cluster0.el3rswm.mongodb.net] org.mongodb.driver.cluster               : Adding discovered server ac-egf4qlr-shard-00-01.el3rswm.mongodb.net:27017 to client view of cluster
2023-02-06 18:27:35.722  INFO 20372 --- [cluster-ClusterId{value='63e0f2370e910a16fd76cf5a', description='null'}-srv-cluster0.el3rswm.mongodb.net] org.mongodb.driver.cluster               : Adding discovered server ac-egf4qlr-shard-00-02.el3rswm.mongodb.net:27017 to client view of cluster
2023-02-06 18:27:35.951  INFO 20372 --- [main] pertySourcedRequestMappingHandlerMapping : Mapped URL path [/v2/api-docs] onto method [springfox.documentation.swagger2.web.Swagger2Controller#getDocumentation(String, HttpServletRequest)]
2023-02-06 18:27:36.065  INFO 20372 --- [main] o.s.b.w.embedded.tomcat.TomcatWebServer  : Tomcat started on port(s): 8080 (http) with context path ''
2023-02-06 18:27:36.065  INFO 20372 --- [main] d.s.w.p.DocumentationPluginsBootstrapper : Context refreshed
2023-02-06 18:27:36.065  INFO 20372 --- [main] d.s.w.p.DocumentationPluginsBootstrapper : Found 1 custom documentation plugin(s)
2023-02-06 18:27:36.096  INFO 20372 --- [main] s.d.s.w.s.ApiListingReferenceScanner     : Scanning for api listing references
2023-02-06 18:27:36.174  INFO 20372 --- [main] c.e.a.AuctionPlatformApplication         : Started AuctionPlatformApplication in 1.706 seconds (JVM running for 2.036)
2023-02-06 18:27:36.792  INFO 20372 --- [cluster-rtt-ClusterId{value='63e0f2370e910a16fd76cf5a', description='null'}-ac-egf4qlr-shard-00-02.el3rswm.mongodb.net:27017] org.mongodb.driver.connection            : Opened connection [connectionId{localValue:5, serverValue:208863}] to ac-egf4qlr-shard-00-02.el3rswm.mongodb.net:27017
2023-02-06 18:27:36.808  INFO 20372 --- [cluster-ClusterId{value='63e0f2370e910a16fd76cf5a', description='null'}-ac-egf4qlr-shard-00-02.el3rswm.mongodb.net:27017] org.mongodb.driver.connection            : Opened connection [connectionId{localValue:3, serverValue:208863}] to ac-egf4qlr-shard-00-02.el3rswm.mongodb.net:27017
2023-02-06 18:27:36.809  INFO 20372 --- [cluster-ClusterId{value='63e0f2370e910a16fd76cf5a', description='null'}-ac-egf4qlr-shard-00-01.el3rswm.mongodb.net:27017] org.mongodb.driver.connection            : Opened connection [connectionId{localValue:4, serverValue:200254}] to ac-egf4qlr-shard-00-01.el3rswm.mongodb.net:27017
2023-02-06 18:27:36.808  INFO 20372 --- [cluster-rtt-ClusterId{value='63e0f2370e910a16fd76cf5a', description='null'}-ac-egf4qlr-shard-00-01.el3rswm.mongodb.net:27017] org.mongodb.driver.connection            : Opened connection [connectionId{localValue:6, serverValue:200254}] to ac-egf4qlr-shard-00-01.el3rswm.mongodb.net:27017
2023-02-06 18:27:36.808  INFO 20372 --- [cluster-rtt-ClusterId{value='63e0f2370e910a16fd76cf5a', description='null'}-ac-egf4qlr-shard-00-00.el3rswm.mongodb.net:27017] org.mongodb.driver.connection            : Opened connection [connectionId{localValue:1, serverValue:204296}] to ac-egf4qlr-shard-00-00.el3rswm.mongodb.net:27017
2023-02-06 18:27:36.809  INFO 20372 --- [cluster-ClusterId{value='63e0f2370e910a16fd76cf5a', description='null'}-ac-egf4qlr-shard-00-02.el3rswm.mongodb.net:27017] org.mongodb.driver.cluster               : Monitor thread successfully connected to server with description ServerDescription{address=ac-egf4qlr-shard-00-02.el3rswm.mongodb.net:27017, type=REPLICA_SET_PRIMARY, state=CONNECTED, ok=true, minWireVersion=0, maxWireVersion=13, maxDocumentSize=16777216, logicalSessionTimeoutMinutes=30, roundTripTimeNanos=590701900, setName='atlas-ztzjuw-shard-0', canonicalAddress=ac-egf4qlr-shard-00-02.el3rswm.mongodb.net:27017, hosts=[ac-egf4qlr-shard-00-00.el3rswm.mongodb.net:27017, ac-egf4qlr-shard-00-01.el3rswm.mongodb.net:27017, ac-egf4qlr-shard-00-02.el3rswm.mongodb.net:27017], passives=[], arbiters=[], primary='ac-egf4qlr-shard-00-02.el3rswm.mongodb.net:27017', tagSet=TagSet{[Tag{name='nodeType', value='ELECTABLE'}, Tag{name='provider', value='AWS'}, Tag{name='region', value='ME_SOUTH_1'}, Tag{name='workloadType', value='OPERATIONAL'}]}, electionId=7fffffff000000000000001e, setVersion=2, topologyVersion=TopologyVersion{processId=63d2d0313d5bf5dea22e92f5, counter=6}, lastWriteDate=Mon Feb 06 18:27:36 ALMT 2023, lastUpdateTimeNanos=216211557905000}
2023-02-06 18:27:36.809  INFO 20372 --- [cluster-ClusterId{value='63e0f2370e910a16fd76cf5a', description='null'}-ac-egf4qlr-shard-00-01.el3rswm.mongodb.net:27017] org.mongodb.driver.cluster               : Monitor thread successfully connected to server with description ServerDescription{address=ac-egf4qlr-shard-00-01.el3rswm.mongodb.net:27017, type=REPLICA_SET_SECONDARY, state=CONNECTED, ok=true, minWireVersion=0, maxWireVersion=13, maxDocumentSize=16777216, logicalSessionTimeoutMinutes=30, roundTripTimeNanos=590792800, setName='atlas-ztzjuw-shard-0', canonicalAddress=ac-egf4qlr-shard-00-01.el3rswm.mongodb.net:27017, hosts=[ac-egf4qlr-shard-00-00.el3rswm.mongodb.net:27017, ac-egf4qlr-shard-00-01.el3rswm.mongodb.net:27017, ac-egf4qlr-shard-00-02.el3rswm.mongodb.net:27017], passives=[], arbiters=[], primary='ac-egf4qlr-shard-00-02.el3rswm.mongodb.net:27017', tagSet=TagSet{[Tag{name='nodeType', value='ELECTABLE'}, Tag{name='provider', value='AWS'}, Tag{name='region', value='ME_SOUTH_1'}, Tag{name='workloadType', value='OPERATIONAL'}]}, electionId=null, setVersion=2, topologyVersion=TopologyVersion{processId=63d2d15d4bf406a76ae963fc, counter=3}, lastWriteDate=Mon Feb 06 18:27:36 ALMT 2023, lastUpdateTimeNanos=216211557998800}
2023-02-06 18:27:36.811  INFO 20372 --- [cluster-ClusterId{value='63e0f2370e910a16fd76cf5a', description='null'}-ac-egf4qlr-shard-00-02.el3rswm.mongodb.net:27017] org.mongodb.driver.cluster               : Setting max election id to 7fffffff000000000000001e from replica set primary ac-egf4qlr-shard-00-02.el3rswm.mongodb.net:27017
2023-02-06 18:27:36.811  INFO 20372 --- [cluster-ClusterId{value='63e0f2370e910a16fd76cf5a', description='null'}-ac-egf4qlr-shard-00-02.el3rswm.mongodb.net:27017] org.mongodb.driver.cluster               : Setting max set version to 2 from replica set primary ac-egf4qlr-shard-00-02.el3rswm.mongodb.net:27017
2023-02-06 18:27:36.811  INFO 20372 --- [cluster-ClusterId{value='63e0f2370e910a16fd76cf5a', description='null'}-ac-egf4qlr-shard-00-02.el3rswm.mongodb.net:27017] org.mongodb.driver.cluster               : Discovered replica set primary ac-egf4qlr-shard-00-02.el3rswm.mongodb.net:27017
2023-02-06 18:27:36.953  INFO 20372 --- [cluster-ClusterId{value='63e0f2370e910a16fd76cf5a', description='null'}-ac-egf4qlr-shard-00-00.el3rswm.mongodb.net:27017] org.mongodb.driver.connection            : Opened connection [connectionId{localValue:2, serverValue:204296}] to ac-egf4qlr-shard-00-00.el3rswm.mongodb.net:27017
2023-02-06 18:27:36.953  INFO 20372 --- [cluster-ClusterId{value='63e0f2370e910a16fd76cf5a', description='null'}-ac-egf4qlr-shard-00-00.el3rswm.mongodb.net:27017] org.mongodb.driver.cluster               : Monitor thread successfully connected to server with description ServerDescription{address=ac-egf4qlr-shard-00-00.el3rswm.mongodb.net:27017, type=REPLICA_SET_SECONDARY, state=CONNECTED, ok=true, minWireVersion=0, maxWireVersion=13, maxDocumentSize=16777216, logicalSessionTimeoutMinutes=30, roundTripTimeNanos=738423700, setName='atlas-ztzjuw-shard-0', canonicalAddress=ac-egf4qlr-shard-00-00.el3rswm.mongodb.net:27017, hosts=[ac-egf4qlr-shard-00-00.el3rswm.mongodb.net:27017, ac-egf4qlr-shard-00-01.el3rswm.mongodb.net:27017, ac-egf4qlr-shard-00-02.el3rswm.mongodb.net:27017], passives=[], arbiters=[], primary='ac-egf4qlr-shard-00-02.el3rswm.mongodb.net:27017', tagSet=TagSet{[Tag{name='nodeType', value='ELECTABLE'}, Tag{name='provider', value='AWS'}, Tag{name='region', value='ME_SOUTH_1'}, Tag{name='workloadType', value='OPERATIONAL'}]}, electionId=null, setVersion=2, topologyVersion=TopologyVersion{processId=63d2cef0f175a32d012090df, counter=4}, lastWriteDate=Mon Feb 06 18:27:36 ALMT 2023, lastUpdateTimeNanos=216211709544900}
2023-02-06 18:27:48.353  INFO 20372 --- [http-nio-8080-exec-1] o.a.c.c.C.[Tomcat].[localhost].[/]       : Initializing Spring DispatcherServlet 'dispatcherServlet'
2023-02-06 18:27:48.353  INFO 20372 --- [http-nio-8080-exec-1] o.s.web.servlet.DispatcherServlet        : Initializing Servlet 'dispatcherServlet'
2023-02-06 18:27:48.354  INFO 20372 --- [http-nio-8080-exec-1] o.s.web.servlet.DispatcherServlet        : Completed initialization in 1 ms
2023-02-06 18:27:48.377  INFO 20372 --- [http-nio-8080-exec-1] c.e.a.board.BoardController              : Have got all products
2023-02-06 18:27:49.633  INFO 20372 --- [http-nio-8080-exec-1] org.mongodb.driver.connection            : Opened connection [connectionId{localValue:7, serverValue:208787}] to ac-egf4qlr-shard-00-02.el3rswm.mongodb.net:27017
2023-02-06 18:29:13.475  INFO 20372 --- [http-nio-8080-exec-10] c.e.a.board.BoardController              : Product added: Product(name=pepsi, description=our private drink, minPrice=750, currentPrice=0, isActive=true)
2023-02-06 18:29:21.639  INFO 20372 --- [http-nio-8080-exec-2] c.e.a.board.BoardController              : Have got all products
2023-02-06 18:29:45.706  INFO 20372 --- [http-nio-8080-exec-4] c.e.a.board.BoardController              : Product added: Product(name=null, description=null, minPrice=0, currentPrice=0, isActive=true)
2023-02-06 18:29:50.731  INFO 20372 --- [http-nio-8080-exec-6] c.e.a.board.BoardController              : Have got all products
2023-02-06 18:31:22.864  INFO 20372 --- [http-nio-8080-exec-8] c.e.a.board.BoardController              : Have got all products
2023-02-06 18:31:30.939  INFO 20372 --- [SpringApplicationShutdownHook] org.mongodb.driver.connection            : Closed connection [connectionId{localValue:7, serverValue:208787}] to ac-egf4qlr-shard-00-02.el3rswm.mongodb.net:27017 because the pool has been closed.
2023-02-06 18:44:31.565  INFO 19676 --- [main] c.e.a.AuctionPlatformApplication         : Starting AuctionPlatformApplication using Java 17 on LAPTOP-ET530VDU with PID 19676 (C:\Users\Абзал\Desktop\java_spring\auction_platform\target\classes started by Абзал in C:\Users\Абзал\Desktop\java_spring\auction_platform)
2023-02-06 18:44:31.567  INFO 19676 --- [main] c.e.a.AuctionPlatformApplication         : No active profile set, falling back to default profiles: default
2023-02-06 18:44:32.180  INFO 19676 --- [main] .s.d.r.c.RepositoryConfigurationDelegate : Bootstrapping Spring Data MongoDB repositories in DEFAULT mode.
2023-02-06 18:44:32.214  INFO 19676 --- [main] .s.d.r.c.RepositoryConfigurationDelegate : Finished Spring Data repository scanning in 34 ms. Found 2 MongoDB repository interfaces.
2023-02-06 18:44:32.545  INFO 19676 --- [main] o.s.b.w.embedded.tomcat.TomcatWebServer  : Tomcat initialized with port(s): 8080 (http)
2023-02-06 18:44:32.545  INFO 19676 --- [main] o.apache.catalina.core.StandardService   : Starting service [Tomcat]
2023-02-06 18:44:32.545  INFO 19676 --- [main] org.apache.catalina.core.StandardEngine  : Starting Servlet engine: [Apache Tomcat/9.0.56]
2023-02-06 18:44:32.613  INFO 19676 --- [main] o.a.c.c.C.[Tomcat].[localhost].[/]       : Initializing Spring embedded WebApplicationContext
2023-02-06 18:44:32.613  INFO 19676 --- [main] w.s.c.ServletWebServerApplicationContext : Root WebApplicationContext: initialization completed in 1002 ms
2023-02-06 18:44:32.948  INFO 19676 --- [main] org.mongodb.driver.cluster               : Cluster created with settings {hosts=[127.0.0.1:27017], srvHost=cluster0.el3rswm.mongodb.net, mode=MULTIPLE, requiredClusterType=REPLICA_SET, serverSelectionTimeout='30000 ms', requiredReplicaSetName='atlas-ztzjuw-shard-0'}
2023-02-06 18:44:33.131  INFO 19676 --- [cluster-ClusterId{value='63e0f6308525314535062299', description='null'}-srv-cluster0.el3rswm.mongodb.net] org.mongodb.driver.cluster               : Adding discovered server ac-egf4qlr-shard-00-00.el3rswm.mongodb.net:27017 to client view of cluster
2023-02-06 18:44:33.154  INFO 19676 --- [cluster-ClusterId{value='63e0f6308525314535062299', description='null'}-srv-cluster0.el3rswm.mongodb.net] org.mongodb.driver.cluster               : Adding discovered server ac-egf4qlr-shard-00-01.el3rswm.mongodb.net:27017 to client view of cluster
2023-02-06 18:44:33.155  INFO 19676 --- [cluster-ClusterId{value='63e0f6308525314535062299', description='null'}-srv-cluster0.el3rswm.mongodb.net] org.mongodb.driver.cluster               : Adding discovered server ac-egf4qlr-shard-00-02.el3rswm.mongodb.net:27017 to client view of cluster
2023-02-06 18:44:33.469  INFO 19676 --- [main] pertySourcedRequestMappingHandlerMapping : Mapped URL path [/v2/api-docs] onto method [springfox.documentation.swagger2.web.Swagger2Controller#getDocumentation(String, HttpServletRequest)]
2023-02-06 18:44:33.647  INFO 19676 --- [main] o.s.b.w.embedded.tomcat.TomcatWebServer  : Tomcat started on port(s): 8080 (http) with context path ''
2023-02-06 18:44:33.647  INFO 19676 --- [main] d.s.w.p.DocumentationPluginsBootstrapper : Context refreshed
2023-02-06 18:44:33.664  INFO 19676 --- [main] d.s.w.p.DocumentationPluginsBootstrapper : Found 1 custom documentation plugin(s)
2023-02-06 18:44:33.681  INFO 19676 --- [main] s.d.s.w.s.ApiListingReferenceScanner     : Scanning for api listing references
2023-02-06 18:44:33.814  INFO 19676 --- [main] c.e.a.AuctionPlatformApplication         : Started AuctionPlatformApplication in 2.56 seconds (JVM running for 3.054)
2023-02-06 18:44:34.502  INFO 19676 --- [cluster-ClusterId{value='63e0f6308525314535062299', description='null'}-ac-egf4qlr-shard-00-02.el3rswm.mongodb.net:27017] org.mongodb.driver.connection            : Opened connection [connectionId{localValue:3, serverValue:209041}] to ac-egf4qlr-shard-00-02.el3rswm.mongodb.net:27017
2023-02-06 18:44:34.502  INFO 19676 --- [cluster-ClusterId{value='63e0f6308525314535062299', description='null'}-ac-egf4qlr-shard-00-01.el3rswm.mongodb.net:27017] org.mongodb.driver.connection            : Opened connection [connectionId{localValue:1, serverValue:200468}] to ac-egf4qlr-shard-00-01.el3rswm.mongodb.net:27017
2023-02-06 18:44:34.502  INFO 19676 --- [cluster-rtt-ClusterId{value='63e0f6308525314535062299', description='null'}-ac-egf4qlr-shard-00-01.el3rswm.mongodb.net:27017] org.mongodb.driver.connection            : Opened connection [connectionId{localValue:2, serverValue:200468}] to ac-egf4qlr-shard-00-01.el3rswm.mongodb.net:27017
2023-02-06 18:44:34.502  INFO 19676 --- [cluster-rtt-ClusterId{value='63e0f6308525314535062299', description='null'}-ac-egf4qlr-shard-00-00.el3rswm.mongodb.net:27017] org.mongodb.driver.connection            : Opened connection [connectionId{localValue:4, serverValue:204504}] to ac-egf4qlr-shard-00-00.el3rswm.mongodb.net:27017
2023-02-06 18:44:34.502  INFO 19676 --- [cluster-rtt-ClusterId{value='63e0f6308525314535062299', description='null'}-ac-egf4qlr-shard-00-02.el3rswm.mongodb.net:27017] org.mongodb.driver.connection            : Opened connection [connectionId{localValue:5, serverValue:209041}] to ac-egf4qlr-shard-00-02.el3rswm.mongodb.net:27017
2023-02-06 18:44:34.502  INFO 19676 --- [cluster-ClusterId{value='63e0f6308525314535062299', description='null'}-ac-egf4qlr-shard-00-00.el3rswm.mongodb.net:27017] org.mongodb.driver.connection            : Opened connection [connectionId{localValue:6, serverValue:204504}] to ac-egf4qlr-shard-00-00.el3rswm.mongodb.net:27017
2023-02-06 18:44:34.502  INFO 19676 --- [cluster-ClusterId{value='63e0f6308525314535062299', description='null'}-ac-egf4qlr-shard-00-02.el3rswm.mongodb.net:27017] org.mongodb.driver.cluster               : Monitor thread successfully connected to server with description ServerDescription{address=ac-egf4qlr-shard-00-02.el3rswm.mongodb.net:27017, type=REPLICA_SET_PRIMARY, state=CONNECTED, ok=true, minWireVersion=0, maxWireVersion=13, maxDocumentSize=16777216, logicalSessionTimeoutMinutes=30, roundTripTimeNanos=780633600, setName='atlas-ztzjuw-shard-0', canonicalAddress=ac-egf4qlr-shard-00-02.el3rswm.mongodb.net:27017, hosts=[ac-egf4qlr-shard-00-00.el3rswm.mongodb.net:27017, ac-egf4qlr-shard-00-01.el3rswm.mongodb.net:27017, ac-egf4qlr-shard-00-02.el3rswm.mongodb.net:27017], passives=[], arbiters=[], primary='ac-egf4qlr-shard-00-02.el3rswm.mongodb.net:27017', tagSet=TagSet{[Tag{name='nodeType', value='ELECTABLE'}, Tag{name='provider', value='AWS'}, Tag{name='region', value='ME_SOUTH_1'}, Tag{name='workloadType', value='OPERATIONAL'}]}, electionId=7fffffff000000000000001e, setVersion=2, topologyVersion=TopologyVersion{processId=63d2d0313d5bf5dea22e92f5, counter=6}, lastWriteDate=Mon Feb 06 18:44:34 ALMT 2023, lastUpdateTimeNanos=217229249131300}
2023-02-06 18:44:34.502  INFO 19676 --- [cluster-ClusterId{value='63e0f6308525314535062299', description='null'}-ac-egf4qlr-shard-00-01.el3rswm.mongodb.net:27017] org.mongodb.driver.cluster               : Monitor thread successfully connected to server with description ServerDescription{address=ac-egf4qlr-shard-00-01.el3rswm.mongodb.net:27017, type=REPLICA_SET_SECONDARY, state=CONNECTED, ok=true, minWireVersion=0, maxWireVersion=13, maxDocumentSize=16777216, logicalSessionTimeoutMinutes=30, roundTripTimeNanos=780781700, setName='atlas-ztzjuw-shard-0', canonicalAddress=ac-egf4qlr-shard-00-01.el3rswm.mongodb.net:27017, hosts=[ac-egf4qlr-shard-00-00.el3rswm.mongodb.net:27017, ac-egf4qlr-shard-00-01.el3rswm.mongodb.net:27017, ac-egf4qlr-shard-00-02.el3rswm.mongodb.net:27017], passives=[], arbiters=[], primary='ac-egf4qlr-shard-00-02.el3rswm.mongodb.net:27017', tagSet=TagSet{[Tag{name='nodeType', value='ELECTABLE'}, Tag{name='provider', value='AWS'}, Tag{name='region', value='ME_SOUTH_1'}, Tag{name='workloadType', value='OPERATIONAL'}]}, electionId=null, setVersion=2, topologyVersion=TopologyVersion{processId=63d2d15d4bf406a76ae963fc, counter=3}, lastWriteDate=Mon Feb 06 18:44:34 ALMT 2023, lastUpdateTimeNanos=217229249131100}
2023-02-06 18:44:34.502  INFO 19676 --- [cluster-ClusterId{value='63e0f6308525314535062299', description='null'}-ac-egf4qlr-shard-00-00.el3rswm.mongodb.net:27017] org.mongodb.driver.cluster               : Monitor thread successfully connected to server with description ServerDescription{address=ac-egf4qlr-shard-00-00.el3rswm.mongodb.net:27017, type=REPLICA_SET_SECONDARY, state=CONNECTED, ok=true, minWireVersion=0, maxWireVersion=13, maxDocumentSize=16777216, logicalSessionTimeoutMinutes=30, roundTripTimeNanos=764687800, setName='atlas-ztzjuw-shard-0', canonicalAddress=ac-egf4qlr-shard-00-00.el3rswm.mongodb.net:27017, hosts=[ac-egf4qlr-shard-00-00.el3rswm.mongodb.net:27017, ac-egf4qlr-shard-00-01.el3rswm.mongodb.net:27017, ac-egf4qlr-shard-00-02.el3rswm.mongodb.net:27017], passives=[], arbiters=[], primary='ac-egf4qlr-shard-00-02.el3rswm.mongodb.net:27017', tagSet=TagSet{[Tag{name='nodeType', value='ELECTABLE'}, Tag{name='provider', value='AWS'}, Tag{name='region', value='ME_SOUTH_1'}, Tag{name='workloadType', value='OPERATIONAL'}]}, electionId=null, setVersion=2, topologyVersion=TopologyVersion{processId=63d2cef0f175a32d012090df, counter=4}, lastWriteDate=Mon Feb 06 18:44:34 ALMT 2023, lastUpdateTimeNanos=217229249131100}
2023-02-06 18:44:34.503  INFO 19676 --- [cluster-ClusterId{value='63e0f6308525314535062299', description='null'}-ac-egf4qlr-shard-00-02.el3rswm.mongodb.net:27017] org.mongodb.driver.cluster               : Setting max election id to 7fffffff000000000000001e from replica set primary ac-egf4qlr-shard-00-02.el3rswm.mongodb.net:27017
2023-02-06 18:44:34.503  INFO 19676 --- [cluster-ClusterId{value='63e0f6308525314535062299', description='null'}-ac-egf4qlr-shard-00-02.el3rswm.mongodb.net:27017] org.mongodb.driver.cluster               : Setting max set version to 2 from replica set primary ac-egf4qlr-shard-00-02.el3rswm.mongodb.net:27017
2023-02-06 18:44:34.503  INFO 19676 --- [cluster-ClusterId{value='63e0f6308525314535062299', description='null'}-ac-egf4qlr-shard-00-02.el3rswm.mongodb.net:27017] org.mongodb.driver.cluster               : Discovered replica set primary ac-egf4qlr-shard-00-02.el3rswm.mongodb.net:27017
2023-02-06 18:44:40.183  INFO 19676 --- [http-nio-8080-exec-1] o.a.c.c.C.[Tomcat].[localhost].[/]       : Initializing Spring DispatcherServlet 'dispatcherServlet'
2023-02-06 18:44:40.183  INFO 19676 --- [http-nio-8080-exec-1] o.s.web.servlet.DispatcherServlet        : Initializing Servlet 'dispatcherServlet'
2023-02-06 18:44:40.183  INFO 19676 --- [http-nio-8080-exec-1] o.s.web.servlet.DispatcherServlet        : Completed initialization in 0 ms
2023-02-06 18:44:40.207  INFO 19676 --- [http-nio-8080-exec-1] c.e.a.board.BoardController              : Have got all products
2023-02-06 18:44:41.835  INFO 19676 --- [http-nio-8080-exec-1] org.mongodb.driver.connection            : Opened connection [connectionId{localValue:7, serverValue:209088}] to ac-egf4qlr-shard-00-02.el3rswm.mongodb.net:27017
2023-02-06 18:45:31.254  INFO 19676 --- [SpringApplicationShutdownHook] org.mongodb.driver.connection            : Closed connection [connectionId{localValue:7, serverValue:209088}] to ac-egf4qlr-shard-00-02.el3rswm.mongodb.net:27017 because the pool has been closed.
2023-02-06 18:49:31.573  INFO 11756 --- [main] c.e.a.AuctionPlatformApplication         : Starting AuctionPlatformApplication using Java 17 on LAPTOP-ET530VDU with PID 11756 (C:\Users\Абзал\Desktop\java_spring\auction_platform\target\classes started by Абзал in C:\Users\Абзал\Desktop\java_spring\auction_platform)
2023-02-06 18:49:31.573  INFO 11756 --- [main] c.e.a.AuctionPlatformApplication         : No active profile set, falling back to default profiles: default
2023-02-06 18:49:32.093  INFO 11756 --- [main] .s.d.r.c.RepositoryConfigurationDelegate : Bootstrapping Spring Data MongoDB repositories in DEFAULT mode.
2023-02-06 18:49:32.124  INFO 11756 --- [main] .s.d.r.c.RepositoryConfigurationDelegate : Finished Spring Data repository scanning in 30 ms. Found 2 MongoDB repository interfaces.
2023-02-06 18:49:32.406  INFO 11756 --- [main] o.s.b.w.embedded.tomcat.TomcatWebServer  : Tomcat initialized with port(s): 8080 (http)
2023-02-06 18:49:32.406  INFO 11756 --- [main] o.apache.catalina.core.StandardService   : Starting service [Tomcat]
2023-02-06 18:49:32.422  INFO 11756 --- [main] org.apache.catalina.core.StandardEngine  : Starting Servlet engine: [Apache Tomcat/9.0.56]
2023-02-06 18:49:32.469  INFO 11756 --- [main] o.a.c.c.C.[Tomcat].[localhost].[/]       : Initializing Spring embedded WebApplicationContext
2023-02-06 18:49:32.469  INFO 11756 --- [main] w.s.c.ServletWebServerApplicationContext : Root WebApplicationContext: initialization completed in 861 ms
2023-02-06 18:49:32.858  INFO 11756 --- [main] org.mongodb.driver.cluster               : Cluster created with settings {hosts=[127.0.0.1:27017], srvHost=cluster0.el3rswm.mongodb.net, mode=MULTIPLE, requiredClusterType=REPLICA_SET, serverSelectionTimeout='30000 ms', requiredReplicaSetName='atlas-ztzjuw-shard-0'}
2023-02-06 18:49:33.254  INFO 11756 --- [main] pertySourcedRequestMappingHandlerMapping : Mapped URL path [/v2/api-docs] onto method [springfox.documentation.swagger2.web.Swagger2Controller#getDocumentation(String, HttpServletRequest)]
2023-02-06 18:49:33.270  INFO 11756 --- [cluster-ClusterId{value='63e0f75cf688cb3d3455c417', description='null'}-srv-cluster0.el3rswm.mongodb.net] org.mongodb.driver.cluster               : Adding discovered server ac-egf4qlr-shard-00-00.el3rswm.mongodb.net:27017 to client view of cluster
2023-02-06 18:49:33.282  INFO 11756 --- [cluster-ClusterId{value='63e0f75cf688cb3d3455c417', description='null'}-srv-cluster0.el3rswm.mongodb.net] org.mongodb.driver.cluster               : Adding discovered server ac-egf4qlr-shard-00-01.el3rswm.mongodb.net:27017 to client view of cluster
2023-02-06 18:49:33.284  INFO 11756 --- [cluster-ClusterId{value='63e0f75cf688cb3d3455c417', description='null'}-srv-cluster0.el3rswm.mongodb.net] org.mongodb.driver.cluster               : Adding discovered server ac-egf4qlr-shard-00-02.el3rswm.mongodb.net:27017 to client view of cluster
2023-02-06 18:49:33.439  INFO 11756 --- [main] o.s.b.w.embedded.tomcat.TomcatWebServer  : Tomcat started on port(s): 8080 (http) with context path ''
2023-02-06 18:49:33.440  INFO 11756 --- [main] d.s.w.p.DocumentationPluginsBootstrapper : Context refreshed
2023-02-06 18:49:33.449  INFO 11756 --- [main] d.s.w.p.DocumentationPluginsBootstrapper : Found 1 custom documentation plugin(s)
2023-02-06 18:49:33.471  INFO 11756 --- [main] s.d.s.w.s.ApiListingReferenceScanner     : Scanning for api listing references
2023-02-06 18:49:33.577  INFO 11756 --- [main] c.e.a.AuctionPlatformApplication         : Started AuctionPlatformApplication in 2.247 seconds (JVM running for 2.665)
2023-02-06 18:49:34.741  INFO 11756 --- [cluster-rtt-ClusterId{value='63e0f75cf688cb3d3455c417', description='null'}-ac-egf4qlr-shard-00-00.el3rswm.mongodb.net:27017] org.mongodb.driver.connection            : Opened connection [connectionId{localValue:3, serverValue:204571}] to ac-egf4qlr-shard-00-00.el3rswm.mongodb.net:27017
2023-02-06 18:49:34.741  INFO 11756 --- [cluster-rtt-ClusterId{value='63e0f75cf688cb3d3455c417', description='null'}-ac-egf4qlr-shard-00-01.el3rswm.mongodb.net:27017] org.mongodb.driver.connection            : Opened connection [connectionId{localValue:6, serverValue:200529}] to ac-egf4qlr-shard-00-01.el3rswm.mongodb.net:27017
2023-02-06 18:49:34.741  INFO 11756 --- [cluster-ClusterId{value='63e0f75cf688cb3d3455c417', description='null'}-ac-egf4qlr-shard-00-01.el3rswm.mongodb.net:27017] org.mongodb.driver.connection            : Opened connection [connectionId{localValue:4, serverValue:200529}] to ac-egf4qlr-shard-00-01.el3rswm.mongodb.net:27017
2023-02-06 18:49:34.741  INFO 11756 --- [cluster-ClusterId{value='63e0f75cf688cb3d3455c417', description='null'}-ac-egf4qlr-shard-00-02.el3rswm.mongodb.net:27017] org.mongodb.driver.connection            : Opened connection [connectionId{localValue:1, serverValue:209165}] to ac-egf4qlr-shard-00-02.el3rswm.mongodb.net:27017
2023-02-06 18:49:34.741  INFO 11756 --- [cluster-ClusterId{value='63e0f75cf688cb3d3455c417', description='null'}-ac-egf4qlr-shard-00-00.el3rswm.mongodb.net:27017] org.mongodb.driver.connection            : Opened connection [connectionId{localValue:2, serverValue:204571}] to ac-egf4qlr-shard-00-00.el3rswm.mongodb.net:27017
2023-02-06 18:49:34.741  INFO 11756 --- [cluster-rtt-ClusterId{value='63e0f75cf688cb3d3455c417', description='null'}-ac-egf4qlr-shard-00-02.el3rswm.mongodb.net:27017] org.mongodb.driver.connection            : Opened connection [connectionId{localValue:5, serverValue:209155}] to ac-egf4qlr-shard-00-02.el3rswm.mongodb.net:27017
2023-02-06 18:49:34.742  INFO 11756 --- [cluster-ClusterId{value='63e0f75cf688cb3d3455c417', description='null'}-ac-egf4qlr-shard-00-02.el3rswm.mongodb.net:27017] org.mongodb.driver.cluster               : Monitor thread successfully connected to server with description ServerDescription{address=ac-egf4qlr-shard-00-02.el3rswm.mongodb.net:27017, type=REPLICA_SET_PRIMARY, state=CONNECTED, ok=true, minWireVersion=0, maxWireVersion=13, maxDocumentSize=16777216, logicalSessionTimeoutMinutes=30, roundTripTimeNanos=762374500, setName='atlas-ztzjuw-shard-0', canonicalAddress=ac-egf4qlr-shard-00-02.el3rswm.mongodb.net:27017, hosts=[ac-egf4qlr-shard-00-00.el3rswm.mongodb.net:27017, ac-egf4qlr-shard-00-01.el3rswm.mongodb.net:27017, ac-egf4qlr-shard-00-02.el3rswm.mongodb.net:27017], passives=[], arbiters=[], primary='ac-egf4qlr-shard-00-02.el3rswm.mongodb.net:27017', tagSet=TagSet{[Tag{name='nodeType', value='ELECTABLE'}, Tag{name='provider', value='AWS'}, Tag{name='region', value='ME_SOUTH_1'}, Tag{name='workloadType', value='OPERATIONAL'}]}, electionId=7fffffff000000000000001e, setVersion=2, topologyVersion=TopologyVersion{processId=63d2d0313d5bf5dea22e92f5, counter=6}, lastWriteDate=Mon Feb 06 18:49:34 ALMT 2023, lastUpdateTimeNanos=217529489172500}
2023-02-06 18:49:34.742  INFO 11756 --- [cluster-ClusterId{value='63e0f75cf688cb3d3455c417', description='null'}-ac-egf4qlr-shard-00-01.el3rswm.mongodb.net:27017] org.mongodb.driver.cluster               : Monitor thread successfully connected to server with description ServerDescription{address=ac-egf4qlr-shard-00-01.el3rswm.mongodb.net:27017, type=REPLICA_SET_SECONDARY, state=CONNECTED, ok=true, minWireVersion=0, maxWireVersion=13, maxDocumentSize=16777216, logicalSessionTimeoutMinutes=30, roundTripTimeNanos=762364700, setName='atlas-ztzjuw-shard-0', canonicalAddress=ac-egf4qlr-shard-00-01.el3rswm.mongodb.net:27017, hosts=[ac-egf4qlr-shard-00-00.el3rswm.mongodb.net:27017, ac-egf4qlr-shard-00-01.el3rswm.mongodb.net:27017, ac-egf4qlr-shard-00-02.el3rswm.mongodb.net:27017], passives=[], arbiters=[], primary='ac-egf4qlr-shard-00-02.el3rswm.mongodb.net:27017', tagSet=TagSet{[Tag{name='nodeType', value='ELECTABLE'}, Tag{name='provider', value='AWS'}, Tag{name='region', value='ME_SOUTH_1'}, Tag{name='workloadType', value='OPERATIONAL'}]}, electionId=null, setVersion=2, topologyVersion=TopologyVersion{processId=63d2d15d4bf406a76ae963fc, counter=3}, lastWriteDate=Mon Feb 06 18:49:34 ALMT 2023, lastUpdateTimeNanos=217529489111300}
2023-02-06 18:49:34.742  INFO 11756 --- [cluster-ClusterId{value='63e0f75cf688cb3d3455c417', description='null'}-ac-egf4qlr-shard-00-00.el3rswm.mongodb.net:27017] org.mongodb.driver.cluster               : Monitor thread successfully connected to server with description ServerDescription{address=ac-egf4qlr-shard-00-00.el3rswm.mongodb.net:27017, type=REPLICA_SET_SECONDARY, state=CONNECTED, ok=true, minWireVersion=0, maxWireVersion=13, maxDocumentSize=16777216, logicalSessionTimeoutMinutes=30, roundTripTimeNanos=762368100, setName='atlas-ztzjuw-shard-0', canonicalAddress=ac-egf4qlr-shard-00-00.el3rswm.mongodb.net:27017, hosts=[ac-egf4qlr-shard-00-00.el3rswm.mongodb.net:27017, ac-egf4qlr-shard-00-01.el3rswm.mongodb.net:27017, ac-egf4qlr-shard-00-02.el3rswm.mongodb.net:27017], passives=[], arbiters=[], primary='ac-egf4qlr-shard-00-02.el3rswm.mongodb.net:27017', tagSet=TagSet{[Tag{name='nodeType', value='ELECTABLE'}, Tag{name='provider', value='AWS'}, Tag{name='region', value='ME_SOUTH_1'}, Tag{name='workloadType', value='OPERATIONAL'}]}, electionId=null, setVersion=2, topologyVersion=TopologyVersion{processId=63d2cef0f175a32d012090df, counter=4}, lastWriteDate=Mon Feb 06 18:49:34 ALMT 2023, lastUpdateTimeNanos=217529489117300}
2023-02-06 18:49:34.743  INFO 11756 --- [cluster-ClusterId{value='63e0f75cf688cb3d3455c417', description='null'}-ac-egf4qlr-shard-00-02.el3rswm.mongodb.net:27017] org.mongodb.driver.cluster               : Setting max election id to 7fffffff000000000000001e from replica set primary ac-egf4qlr-shard-00-02.el3rswm.mongodb.net:27017
2023-02-06 18:49:34.743  INFO 11756 --- [cluster-ClusterId{value='63e0f75cf688cb3d3455c417', description='null'}-ac-egf4qlr-shard-00-02.el3rswm.mongodb.net:27017] org.mongodb.driver.cluster               : Setting max set version to 2 from replica set primary ac-egf4qlr-shard-00-02.el3rswm.mongodb.net:27017
2023-02-06 18:49:34.743  INFO 11756 --- [cluster-ClusterId{value='63e0f75cf688cb3d3455c417', description='null'}-ac-egf4qlr-shard-00-02.el3rswm.mongodb.net:27017] org.mongodb.driver.cluster               : Discovered replica set primary ac-egf4qlr-shard-00-02.el3rswm.mongodb.net:27017
2023-02-06 18:49:48.074  INFO 11756 --- [http-nio-8080-exec-1] o.a.c.c.C.[Tomcat].[localhost].[/]       : Initializing Spring DispatcherServlet 'dispatcherServlet'
2023-02-06 18:49:48.074  INFO 11756 --- [http-nio-8080-exec-1] o.s.web.servlet.DispatcherServlet        : Initializing Servlet 'dispatcherServlet'
2023-02-06 18:49:48.074  INFO 11756 --- [http-nio-8080-exec-1] o.s.web.servlet.DispatcherServlet        : Completed initialization in 0 ms
2023-02-06 18:49:48.090  INFO 11756 --- [http-nio-8080-exec-1] c.e.a.board.BoardController              : Have got all products
2023-02-06 18:49:49.652  INFO 11756 --- [http-nio-8080-exec-1] org.mongodb.driver.connection            : Opened connection [connectionId{localValue:7, serverValue:209161}] to ac-egf4qlr-shard-00-02.el3rswm.mongodb.net:27017
2023-02-06 18:50:42.185  INFO 11756 --- [http-nio-8080-exec-2] c.e.a.board.BoardController              : Product added: Product(name=cruassan, description=for mac tea with chocolade, minPrice=250, currentPrice=0, isActive=true)
2023-02-06 18:51:02.322  INFO 11756 --- [http-nio-8080-exec-4] c.e.a.board.BoardController              : Have got all products
2023-02-06 18:51:43.820  INFO 11756 --- [SpringApplicationShutdownHook] org.mongodb.driver.connection            : Closed connection [connectionId{localValue:7, serverValue:209161}] to ac-egf4qlr-shard-00-02.el3rswm.mongodb.net:27017 because the pool has been closed.
